<?xml version="1.0" encoding="UTF-8"?>
<robot generator="Robot 3.1.2 (Python 3.8.3 on win32)" generated="20200610 18:45:49.486" rpa="false">
<suite id="s1" name="Inicio" source="C:\Users\Usuario\Documents\Robot-framework\inicio.robot">
<kw name="Ingresando al sitio" library="Ingresar" type="setup">
<kw name="Open Browser" library="Selenium2Library">
<doc>Opens a new browser instance to the optional ``url``.</doc>
<arguments>
<arg>${URL}</arg>
<arg>${Navegador}</arg>
</arguments>
<msg timestamp="20200610 18:45:49.717" level="INFO">Opening browser 'Chrome' to base url 'https://www.thetestingworld.com/'.</msg>
<status status="PASS" starttime="20200610 18:45:49.717" endtime="20200610 18:45:57.869"></status>
</kw>
<kw name="Maximize Browser Window" library="Selenium2Library">
<doc>Maximizes current browser window.</doc>
<status status="PASS" starttime="20200610 18:45:57.869" endtime="20200610 18:45:59.990"></status>
</kw>
<status status="PASS" starttime="20200610 18:45:49.716" endtime="20200610 18:45:59.990"></status>
</kw>
<test id="s1-t1" name="Llenar campos de formulario y enviarlo">
<kw name="Click en Quick demo" library="Common">
<doc>Hace click en la opción "Quick demo"</doc>
<kw name="Click Element" library="Selenium2Library">
<doc>Click the element identified by ``locator``.</doc>
<arguments>
<arg>${Quick_demo}</arg>
</arguments>
<msg timestamp="20200610 18:45:59.992" level="INFO">Clicking element 'xpath=//a[text()="Quick Demo"]'.</msg>
<status status="PASS" starttime="20200610 18:45:59.992" endtime="20200610 18:46:02.266"></status>
</kw>
<status status="PASS" starttime="20200610 18:45:59.991" endtime="20200610 18:46:02.266"></status>
</kw>
<kw name="Llenando el formulario" library="Quick_demo">
<doc>Llena el formulario con todos los datos</doc>
<kw name="Llenar formulario Quick demo" library="Quick_demo">
<doc>Ingresa valores a los campos de texto del formulario</doc>
<kw name="Page Should Contain" library="Selenium2Library">
<doc>Verifies that current page contains ``text``.</doc>
<arguments>
<arg>Fill The form and get details</arg>
</arguments>
<msg timestamp="20200610 18:46:02.287" level="INFO">Current page contains text 'Fill The form and get details'.</msg>
<status status="PASS" starttime="20200610 18:46:02.268" endtime="20200610 18:46:02.287"></status>
</kw>
<kw name="Wait Until Element Is Visible" library="Selenium2Library">
<doc>Waits until the element ``locator`` is visible.</doc>
<arguments>
<arg>${Formulario}</arg>
</arguments>
<status status="PASS" starttime="20200610 18:46:02.287" endtime="20200610 18:46:02.312"></status>
</kw>
<kw name="Input Text" library="Selenium2Library">
<doc>Types the given ``text`` into the text field identified by ``locator``.</doc>
<arguments>
<arg>${First}</arg>
<arg>Gabriel</arg>
</arguments>
<msg timestamp="20200610 18:46:02.313" level="INFO">Typing text 'Gabriel' into text field 'id=wdform_1_element_first2'.</msg>
<status status="PASS" starttime="20200610 18:46:02.312" endtime="20200610 18:46:02.434"></status>
</kw>
<kw name="Input Text" library="Selenium2Library">
<doc>Types the given ``text`` into the text field identified by ``locator``.</doc>
<arguments>
<arg>${Last}</arg>
<arg>Automation</arg>
</arguments>
<msg timestamp="20200610 18:46:02.435" level="INFO">Typing text 'Automation' into text field 'id=wdform_1_element_last2'.</msg>
<status status="PASS" starttime="20200610 18:46:02.434" endtime="20200610 18:46:02.555"></status>
</kw>
<kw name="Input Text" library="Selenium2Library">
<doc>Types the given ``text`` into the text field identified by ``locator``.</doc>
<arguments>
<arg>${Email}</arg>
<arg>gabrielravena86@gmail.com</arg>
</arguments>
<msg timestamp="20200610 18:46:02.556" level="INFO">Typing text 'gabrielravena86@gmail.com' into text field 'id=wdform_2_element2'.</msg>
<status status="PASS" starttime="20200610 18:46:02.555" endtime="20200610 18:46:02.738"></status>
</kw>
<kw name="Input Text" library="Selenium2Library">
<doc>Types the given ``text`` into the text field identified by ``locator``.</doc>
<arguments>
<arg>${Nro_contacto}</arg>
<arg>1122334455</arg>
</arguments>
<msg timestamp="20200610 18:46:02.738" level="INFO">Typing text '1122334455' into text field 'id=wdform_4_element2'.</msg>
<status status="PASS" starttime="20200610 18:46:02.738" endtime="20200610 18:46:02.859"></status>
</kw>
<kw name="Input Text" library="Selenium2Library">
<doc>Types the given ``text`` into the text field identified by ``locator``.</doc>
<arguments>
<arg>${Fecha}</arg>
<arg>2020-06-13</arg>
</arguments>
<msg timestamp="20200610 18:46:02.860" level="INFO">Typing text '2020-06-13' into text field 'id=wdform_10_element2'.</msg>
<status status="PASS" starttime="20200610 18:46:02.860" endtime="20200610 18:46:02.976"></status>
</kw>
<kw name="Select From List By Label" library="Selenium2Library">
<doc>Selects options from selection list ``locator`` by ``labels``.</doc>
<arguments>
<arg>${Seleccionar_curso}</arg>
<arg>Selenium</arg>
</arguments>
<msg timestamp="20200610 18:46:02.977" level="INFO">Selecting options from selection list 'id=wdform_5_element2' by label Selenium.</msg>
<status status="PASS" starttime="20200610 18:46:02.977" endtime="20200610 18:46:03.068"></status>
</kw>
<status status="PASS" starttime="20200610 18:46:02.267" endtime="20200610 18:46:03.068"></status>
</kw>
<kw name="Click en el boton Submit" library="Quick_demo">
<doc>Hace click en el botón "Submit" del formulario para enviar los datos</doc>
<kw name="Click Element" library="Selenium2Library">
<doc>Click the element identified by ``locator``.</doc>
<arguments>
<arg>${Boton_Submit}</arg>
</arguments>
<msg timestamp="20200610 18:46:03.069" level="INFO">Clicking element 'xpath=//button[@class="button-submit"]'.</msg>
<status status="PASS" starttime="20200610 18:46:03.069" endtime="20200610 18:46:04.608"></status>
</kw>
<status status="PASS" starttime="20200610 18:46:03.068" endtime="20200610 18:46:04.608"></status>
</kw>
<status status="PASS" starttime="20200610 18:46:02.267" endtime="20200610 18:46:04.608"></status>
</kw>
<doc>Ingresa a "Quick Demo", rellena los datos, y hace click en en botón "Submit"</doc>
<tags>
<tag>formulario</tag>
</tags>
<status status="PASS" starttime="20200610 18:45:59.990" endtime="20200610 18:46:04.609" critical="yes"></status>
</test>
<kw name="Cerrar sitio" library="Ingresar" type="teardown">
<kw name="Close Browser" library="Selenium2Library">
<doc>Closes the current browser.</doc>
<status status="PASS" starttime="20200610 18:46:04.611" endtime="20200610 18:46:06.748"></status>
</kw>
<status status="PASS" starttime="20200610 18:46:04.611" endtime="20200610 18:46:06.748"></status>
</kw>
<doc>Automatización de prueba</doc>
<status status="PASS" starttime="20200610 18:45:49.487" endtime="20200610 18:46:06.748"></status>
</suite>
<statistics>
<total>
<stat pass="1" fail="0">Critical Tests</stat>
<stat pass="1" fail="0">All Tests</stat>
</total>
<tag>
<stat pass="1" fail="0">formulario</stat>
</tag>
<suite>
<stat pass="1" fail="0" id="s1" name="Inicio">Inicio</stat>
</suite>
</statistics>
<errors>
</errors>
</robot>
